#
# A fatal error has been detected by the Java Runtime Environment:
#
#  EXCEPTION_ACCESS_VIOLATION (0xc0000005) at pc=0x000000006d585988, pid=4048, tid=3332
#
# JRE version: Java(TM) SE Runtime Environment (8.0_60-b27) (build 1.8.0_60-b27)
# Java VM: Java HotSpot(TM) 64-Bit Server VM (25.60-b23 mixed mode windows-amd64 compressed oops)
# Problematic frame:
# C  [sqlite-3.8.11.2-c2783c50-d9fc-41c3-8974-219228c75932-sqlitejdbc.dll+0x5988]
#
# Failed to write core dump. Minidumps are not enabled by default on client versions of Windows
#
# If you would like to submit a bug report, please visit:
#   http://bugreport.java.com/bugreport/crash.jsp
# The crash happened outside the Java Virtual Machine in native code.
# See problematic frame for where to report the bug.
#

---------------  T H R E A D  ---------------

Current thread (0x0000000025160800):  JavaThread "pool-2-thread-1" [_thread_in_native, id=3332, stack(0x0000000028260000,0x0000000028360000)]

siginfo: ExceptionCode=0xc0000005, reading address 0x0000000000000000

Registers:
RAX=0x000000006d582330, RBX=0x00000000251609f8, RCX=0x0000000000000000, RDX=0x0000000000000000
RSP=0x000000002835efc0, RBP=0x000000002835f0e8, RSI=0x00000000f8001b49, RDI=0x0000000002477d8d
R8 =0x000000006d5b0b10, R9 =0x0000000000000000, R10=0x000000000248f202, R11=0x0000000072529440
R12=0x0000000000000000, R13=0x000000001bc10260, R14=0x000000002835f120, R15=0x0000000025160800
RIP=0x000000006d585988, EFLAGS=0x0000000000010206

Top of Stack: (sp=0x000000002835efc0)
0x000000002835efc0:   00000000f8001b49 0000000025160800
0x000000002835efd0:   000000001f9ab3a0 00000000723b72f2
0x000000002835efe0:   000000002835f718 00000000723b7432
0x000000002835eff0:   000000001bc10260 00000000251609f8
0x000000002835f000:   00000000f8001b49 0000000002477d8d
0x000000002835f010:   000000002835f0e8 000000006d582343
0x000000002835f020:   000000002835f0e8 000000002835f098
0x000000002835f030:   000000002835f098 000000000248edb3
0x000000002835f040:   000000001bc10260 000000000248f22e
0x000000002835f050:   000000002835f0e8 000000002835f098
0x000000002835f060:   000000002835f0e8 000000000248edf9
0x000000002835f070:   0000000025160800 000000001bc10260
0x000000002835f080:   0000000002477d8d 000000002835f0b0
0x000000002835f090:   000000000248edb3 0000000025160800
0x000000002835f0a0:   000000076d4b6508 000000002835f098
0x000000002835f0b0:   000000001bc10260 000000002835f120 

Instructions: (pc=0x000000006d585988)
0x000000006d585968:   83 79 28 00 74 07 0f b7 81 88 00 00 00 f3 c3 66
0x000000006d585978:   0f 1f 84 00 00 00 00 00 55 57 56 53 48 83 ec 38
0x000000006d585988:   48 8b 31 0f b7 81 88 00 00 00 85 d2 48 89 cb 4c
0x000000006d585998:   89 c7 78 74 39 c2 7d 70 44 89 cd 48 8b 4e 18 0f 


Register to memory mapping:

RAX=0x000000006d582330 is an unknown value
RBX=0x00000000251609f8 is an unknown value
RCX=0x0000000000000000 is an unknown value
RDX=0x0000000000000000 is an unknown value
RSP=0x000000002835efc0 is pointing into the stack for thread: 0x0000000025160800
RBP=0x000000002835f0e8 is pointing into the stack for thread: 0x0000000025160800
RSI=0x00000000f8001b49 is an unknown value
RDI=0x0000000002477d8d is at code_begin+2093 in an Interpreter codelet
invoke return entry points  [0x0000000002477560, 0x0000000002477e60]  2304 bytes
R8 =0x000000006d5b0b10 is an unknown value
R9 =0x0000000000000000 is an unknown value
R10=0x000000000248f202 is at code_begin+2178 in an Interpreter codelet
method entry point (kind = native_synchronized)  [0x000000000248e980, 0x000000000248fbc0]  4672 bytes
R11=0x0000000072529440 is an unknown value
R12=0x0000000000000000 is an unknown value
R13={method} {0x000000001bc10268} 'column_name' '(JI)Ljava/lang/String;' in 'org/sqlite/core/NativeDB'
R14=0x000000002835f120 is pointing into the stack for thread: 0x0000000025160800
R15=0x0000000025160800 is a thread


Stack: [0x0000000028260000,0x0000000028360000],  sp=0x000000002835efc0,  free space=1019k
Native frames: (J=compiled Java code, j=interpreted, Vv=VM code, C=native code)
C  [sqlite-3.8.11.2-c2783c50-d9fc-41c3-8974-219228c75932-sqlitejdbc.dll+0x5988]
C  [sqlite-3.8.11.2-c2783c50-d9fc-41c3-8974-219228c75932-sqlitejdbc.dll+0x2343]
C  0x000000000248f22e

Java frames: (J=compiled Java code, j=interpreted, Vv=VM code)
j  org.sqlite.core.NativeDB.column_name(JI)Ljava/lang/String;+0
j  org.sqlite.jdbc3.JDBC3ResultSet.getColumnName(I)Ljava/lang/String;+16
j  requests.CVImage.printResultSet(Ljava/sql/ResultSet;)V+68
j  requests.CVImage.getLocalImage(Ljava/lang/String;Ljava/lang/String;I)Ljava/awt/image/BufferedImage;+97
j  model.Volume.getImage(Ljava/lang/String;)Ljava/awt/image/BufferedImage;+19
j  scenes.VolumePreview.setImage()V+6
j  application.Main$3.run()V+51
j  java.util.concurrent.ThreadPoolExecutor.runWorker(Ljava/util/concurrent/ThreadPoolExecutor$Worker;)V+95
j  java.util.concurrent.ThreadPoolExecutor$Worker.run()V+5
j  java.lang.Thread.run()V+11
v  ~StubRoutines::call_stub

---------------  P R O C E S S  ---------------

Java Threads: ( => current thread )
  0x000000002535e800 JavaThread "Java2D Disposer" daemon [_thread_blocked, id=3380, stack(0x000000002b060000,0x000000002b160000)]
=>0x0000000025160800 JavaThread "pool-2-thread-1" [_thread_in_native, id=3332, stack(0x0000000028260000,0x0000000028360000)]
  0x0000000024ff3000 JavaThread "Prism Font Disposer" daemon [_thread_blocked, id=10848, stack(0x0000000027960000,0x0000000027a60000)]
  0x000000001f426000 JavaThread "Abandoned connection cleanup thread" daemon [_thread_blocked, id=12088, stack(0x0000000024b30000,0x0000000024c30000)]
  0x000000001f44e800 JavaThread "Abandoned connection cleanup thread" daemon [_thread_blocked, id=10568, stack(0x0000000024a30000,0x0000000024b30000)]
  0x000000001f396000 JavaThread "Thread-3" daemon [_thread_in_native, id=5212, stack(0x0000000024730000,0x0000000024830000)]
  0x000000001f393000 JavaThread "JavaFX-Launcher" [_thread_blocked, id=3384, stack(0x0000000024930000,0x0000000024a30000)]
  0x000000001f2f0800 JavaThread "JavaFX Application Thread" [_thread_in_native, id=4488, stack(0x0000000020630000,0x0000000020730000)]
  0x000000001f33d800 JavaThread "Thread-1" daemon [_thread_blocked, id=6240, stack(0x0000000020530000,0x0000000020630000)]
  0x000000001f29d000 JavaThread "QuantumRenderer-0" daemon [_thread_blocked, id=13936, stack(0x000000001fa50000,0x000000001fb50000)]
  0x000000001e0fd000 JavaThread "Service Thread" daemon [_thread_blocked, id=13196, stack(0x000000001f050000,0x000000001f150000)]
  0x000000001e06f800 JavaThread "C1 CompilerThread3" daemon [_thread_blocked, id=372, stack(0x000000001ef50000,0x000000001f050000)]
  0x000000001e06e800 JavaThread "C2 CompilerThread2" daemon [_thread_blocked, id=10928, stack(0x000000001ee50000,0x000000001ef50000)]
  0x000000001e06b000 JavaThread "C2 CompilerThread1" daemon [_thread_blocked, id=3396, stack(0x000000001ed50000,0x000000001ee50000)]
  0x000000001e063000 JavaThread "C2 CompilerThread0" daemon [_thread_blocked, id=1204, stack(0x000000001ec50000,0x000000001ed50000)]
  0x000000001e052800 JavaThread "JDWP Command Reader" daemon [_thread_in_native, id=1408, stack(0x000000001eb50000,0x000000001ec50000)]
  0x000000001bf2e000 JavaThread "JDWP Event Helper Thread" daemon [_thread_blocked, id=8756, stack(0x000000001ea50000,0x000000001eb50000)]
  0x000000001e051000 JavaThread "JDWP Transport Listener: dt_socket" daemon [_thread_blocked, id=1168, stack(0x000000001e950000,0x000000001ea50000)]
  0x000000001e03f000 JavaThread "Attach Listener" daemon [_thread_blocked, id=5972, stack(0x000000001e510000,0x000000001e610000)]
  0x000000001e03e000 JavaThread "Signal Dispatcher" daemon [_thread_blocked, id=13604, stack(0x000000001e410000,0x000000001e510000)]
  0x000000000246c800 JavaThread "Finalizer" daemon [_thread_blocked, id=1084, stack(0x000000001de20000,0x000000001df20000)]
  0x000000001bf1c800 JavaThread "Reference Handler" daemon [_thread_blocked, id=2992, stack(0x000000001dd20000,0x000000001de20000)]
  0x000000000236e800 JavaThread "main" [_thread_blocked, id=11548, stack(0x0000000002250000,0x0000000002350000)]

Other Threads:
  0x000000001bf18800 VMThread [stack: 0x000000001dc20000,0x000000001dd20000] [id=6716]
  0x000000001e0c4800 WatcherThread [stack: 0x000000001f150000,0x000000001f250000] [id=11960]

VM state:not at safepoint (normal execution)

VM Mutex/Monitor currently owned by a thread: None

Heap:
 PSYoungGen      total 76288K, used 49525K [0x000000076af00000, 0x0000000770400000, 0x00000007c0000000)
  eden space 65536K, 75% used [0x000000076af00000,0x000000076df5d5e0,0x000000076ef00000)
  from space 10752K, 0% used [0x000000076f980000,0x000000076f980000,0x0000000770400000)
  to   space 10752K, 0% used [0x000000076ef00000,0x000000076ef00000,0x000000076f980000)
 ParOldGen       total 175104K, used 0K [0x00000006c0c00000, 0x00000006cb700000, 0x000000076af00000)
  object space 175104K, 0% used [0x00000006c0c00000,0x00000006c0c00000,0x00000006cb700000)
 Metaspace       used 18905K, capacity 19808K, committed 19968K, reserved 1067008K
  class space    used 2521K, capacity 2740K, committed 2816K, reserved 1048576K

Card table byte_map: [0x0000000011830000,0x0000000012030000] byte_map_base: 0x000000000e22a000

Marking Bits: (ParMarkBitMap*) 0x0000000072b0a5b0
 Begin Bits: [0x0000000012d90000, 0x0000000016d60000)
 End Bits:   [0x0000000016d60000, 0x000000001ad30000)

Polling page: 0x0000000000a10000

CodeCache: size=245760Kb used=5571Kb max_used=5571Kb free=240188Kb
 bounds [0x0000000002470000, 0x00000000029f0000, 0x0000000011470000]
 total_blobs=2423 nmethods=1683 adapters=660
 compilation: enabled

Compilation events (10 events):
Event: 4.287 Thread 0x000000001e06f800 1678       3       com.sun.javafx.tk.quantum.QuantumToolkit::postPulse (148 bytes)
Event: 4.289 Thread 0x000000001e06f800 nmethod 1678 0x00000000029db390 code [0x00000000029db700, 0x00000000029dd778]
Event: 4.383 Thread 0x000000001e06f800 1679       3       com.sun.javafx.tk.quantum.QuantumToolkit$$Lambda$43/1878803668::run (8 bytes)
Event: 4.383 Thread 0x000000001e06f800 nmethod 1679 0x00000000029dab50 code [0x00000000029dad00, 0x00000000029db168]
Event: 4.383 Thread 0x000000001e06f800 1680   !   3       com.sun.javafx.tk.quantum.QuantumToolkit::lambda$runToolkit$406 (16 bytes)
Event: 4.384 Thread 0x000000001e06f800 nmethod 1680 0x00000000029da450 code [0x00000000029da5e0, 0x00000000029da9c8]
Event: 6.378 Thread 0x000000001e06f800 1681       3       java.lang.ref.ReferenceQueue::reallyPoll (66 bytes)
Event: 6.378 Thread 0x000000001e06f800 nmethod 1681 0x00000000029d9d90 code [0x00000000029d9f00, 0x00000000029da390]
Event: 12.988 Thread 0x000000001e06f800 1683   !   3       java.lang.ref.ReferenceQueue::remove (125 bytes)
Event: 12.990 Thread 0x000000001e06f800 nmethod 1683 0x00000000029e3c90 code [0x00000000029e3e80, 0x00000000029e47f8]

GC Heap History (0 events):
No events

Deoptimization events (10 events):
Event: 0.748 Thread 0x000000001f2f0800 Uncommon trap: reason=class_check action=maybe_recompile pc=0x0000000002847de0 method=javafx.beans.property.ObjectPropertyBase.get()Ljava/lang/Object; @ 23
Event: 0.748 Thread 0x000000001f2f0800 Uncommon trap: reason=class_check action=maybe_recompile pc=0x0000000002847de0 method=javafx.beans.property.ObjectPropertyBase.get()Ljava/lang/Object; @ 23
Event: 0.748 Thread 0x000000001f2f0800 Uncommon trap: reason=class_check action=maybe_recompile pc=0x0000000002847de0 method=javafx.beans.property.ObjectPropertyBase.get()Ljava/lang/Object; @ 23
Event: 0.748 Thread 0x000000001f2f0800 Uncommon trap: reason=class_check action=maybe_recompile pc=0x0000000002847de0 method=javafx.beans.property.ObjectPropertyBase.get()Ljava/lang/Object; @ 23
Event: 0.766 Thread 0x000000001f2f0800 Uncommon trap: reason=unstable_if action=reinterpret pc=0x00000000028728f8 method=com.sun.javafx.css.BitSet.add(Ljava/lang/Object;)Z @ 91
Event: 0.831 Thread 0x000000001f9f4000 Uncommon trap: reason=predicate action=maybe_recompile pc=0x000000000275f1c0 method=sun.net.www.ParseUtil.encodePath(Ljava/lang/String;Z)Ljava/lang/String; @ 36
Event: 1.120 Thread 0x000000001f2f0800 Uncommon trap: reason=array_check action=maybe_recompile pc=0x0000000002909e38 method=com.sun.javafx.css.SimpleSelector.applies(Ljavafx/css/Styleable;[Ljava/util/Set;I)Z @ 37
Event: 1.120 Thread 0x000000001f2f0800 Uncommon trap: reason=array_check action=maybe_recompile pc=0x0000000002909e38 method=com.sun.javafx.css.SimpleSelector.applies(Ljavafx/css/Styleable;[Ljava/util/Set;I)Z @ 37
Event: 1.121 Thread 0x000000001f2f0800 Uncommon trap: reason=array_check action=maybe_recompile pc=0x0000000002909e38 method=com.sun.javafx.css.SimpleSelector.applies(Ljavafx/css/Styleable;[Ljava/util/Set;I)Z @ 37
Event: 1.121 Thread 0x000000001f2f0800 Uncommon trap: reason=array_check action=maybe_recompile pc=0x0000000002909e38 method=com.sun.javafx.css.SimpleSelector.applies(Ljavafx/css/Styleable;[Ljava/util/Set;I)Z @ 37

Internal exceptions (10 events):
Event: 0.172 Thread 0x000000000236e800 Exception <a 'java/security/PrivilegedActionException'> (0x000000076b5035e8) thrown at [C:\re\workspace\8-2-build-windows-amd64-cygwin\jdk8u60\4407\hotspot\src\share\vm\prims\jvm.cpp, line 1386]
Event: 0.172 Thread 0x000000000236e800 Exception <a 'java/security/PrivilegedActionException'> (0x000000076b507430) thrown at [C:\re\workspace\8-2-build-windows-amd64-cygwin\jdk8u60\4407\hotspot\src\share\vm\prims\jvm.cpp, line 1386]
Event: 0.172 Thread 0x000000000236e800 Exception <a 'java/security/PrivilegedActionException'> (0x000000076b507640) thrown at [C:\re\workspace\8-2-build-windows-amd64-cygwin\jdk8u60\4407\hotspot\src\share\vm\prims\jvm.cpp, line 1386]
Event: 0.173 Thread 0x000000000236e800 Exception <a 'java/lang/NullPointerException'> (0x000000076b507fa0) thrown at [C:\re\workspace\8-2-build-windows-amd64-cygwin\jdk8u60\4407\hotspot\src\share\vm\interpreter\linkResolver.cpp, line 1178]
Event: 0.332 Thread 0x000000001f2f0800 Exception <a 'java/lang/NullPointerException'> (0x000000076c04b140) thrown at [C:\re\workspace\8-2-build-windows-amd64-cygwin\jdk8u60\4407\hotspot\src\share\vm\interpreter\linkResolver.cpp, line 1178]
Event: 0.332 Thread 0x000000001f2f0800 Exception <a 'java/lang/NullPointerException'> (0x000000076c04b140) thrown at [C:\re\workspace\8-2-build-windows-amd64-cygwin\jdk8u60\4407\hotspot\src\share\vm\prims\jvm.cpp, line 1390]
Event: 0.353 Thread 0x000000001f2f0800 Implicit null exception at 0x0000000002687c99 to 0x00000000026880c5
Event: 0.644 Thread 0x000000001f2f0800 Exception <a 'java/io/FileNotFoundException'> (0x000000076ccb79f0) thrown at [C:\re\workspace\8-2-build-windows-amd64-cygwin\jdk8u60\4407\hotspot\src\share\vm\prims\jni.cpp, line 709]
Event: 1.064 Thread 0x000000001f9f4000 Exception <a 'java/io/FileNotFoundException'> (0x000000076d61b6f0) thrown at [C:\re\workspace\8-2-build-windows-amd64-cygwin\jdk8u60\4407\hotspot\src\share\vm\prims\jni.cpp, line 709]
Event: 1.097 Thread 0x000000001f9f4000 Exception <a 'java/io/FileNotFoundException'> (0x000000076d6840f0) thrown at [C:\re\workspace\8-2-build-windows-amd64-cygwin\jdk8u60\4407\hotspot\src\share\vm\prims\jni.cpp, line 709]

Events (10 events):
Event: 25.405 Executing VM operation: ChangeSingleStep
Event: 25.405 Executing VM operation: ChangeSingleStep done
Event: 25.405 Executing VM operation: ChangeSingleStep
Event: 25.405 Executing VM operation: ChangeSingleStep done
Event: 25.405 Executing VM operation: GetCurrentLocation
Event: 25.405 Executing VM operation: GetCurrentLocation done
Event: 25.405 Executing VM operation: ChangeSingleStep
Event: 25.405 Executing VM operation: ChangeSingleStep done
Event: 25.405 Executing VM operation: ChangeSingleStep
Event: 25.405 Executing VM operation: ChangeSingleStep done


Dynamic libraries:
0x00007ff7f5c60000 - 0x00007ff7f5c97000 	C:\Program Files\Java\jdk1.8.0_60\bin\javaw.exe
0x00007ffae2750000 - 0x00007ffae2921000 	C:\WINDOWS\SYSTEM32\ntdll.dll
0x00007ffae0410000 - 0x00007ffae04bb000 	C:\WINDOWS\System32\KERNEL32.DLL
0x00007ffadf0a0000 - 0x00007ffadf2bd000 	C:\WINDOWS\System32\KERNELBASE.dll
0x00007ffae2130000 - 0x00007ffae21d2000 	C:\WINDOWS\System32\ADVAPI32.dll
0x00007ffae26b0000 - 0x00007ffae274e000 	C:\WINDOWS\System32\msvcrt.dll
0x00007ffae24e0000 - 0x00007ffae2539000 	C:\WINDOWS\System32\sechost.dll
0x00007ffae2580000 - 0x00007ffae26a1000 	C:\WINDOWS\System32\RPCRT4.dll
0x00007ffadfce0000 - 0x00007ffadfe45000 	C:\WINDOWS\System32\USER32.dll
0x00007ffadfcc0000 - 0x00007ffadfcde000 	C:\WINDOWS\System32\win32u.dll
0x00007ffadfe60000 - 0x00007ffadfe94000 	C:\WINDOWS\System32\GDI32.dll
0x00007ffadef10000 - 0x00007ffadf092000 	C:\WINDOWS\System32\gdi32full.dll
0x00007ffad13b0000 - 0x00007ffad162a000 	C:\WINDOWS\WinSxS\amd64_microsoft.windows.common-controls_6595b64144ccf1df_6.0.14393.351_none_4213128bc687e6d3\COMCTL32.dll
0x00007ffae1ad0000 - 0x00007ffae1d97000 	C:\WINDOWS\System32\combase.dll
0x00007ffadf490000 - 0x00007ffadf585000 	C:\WINDOWS\System32\ucrtbase.dll
0x00007ffadec40000 - 0x00007ffadecaa000 	C:\WINDOWS\System32\bcryptPrimitives.dll
0x00007ffae2550000 - 0x00007ffae257e000 	C:\WINDOWS\System32\IMM32.DLL
0x0000000073a30000 - 0x0000000073b02000 	C:\Program Files\Java\jdk1.8.0_60\jre\bin\msvcr100.dll
0x0000000072300000 - 0x0000000072b89000 	C:\Program Files\Java\jdk1.8.0_60\jre\bin\server\jvm.dll
0x00007ffae2540000 - 0x00007ffae2548000 	C:\WINDOWS\System32\PSAPI.DLL
0x00007ffad0020000 - 0x00007ffad0029000 	C:\WINDOWS\SYSTEM32\WSOCK32.dll
0x00007ffad71a0000 - 0x00007ffad71aa000 	C:\WINDOWS\SYSTEM32\VERSION.dll
0x00007ffadca90000 - 0x00007ffadcab3000 	C:\WINDOWS\SYSTEM32\WINMM.dll
0x00007ffae1f00000 - 0x00007ffae1f6a000 	C:\WINDOWS\System32\WS2_32.dll
0x00007ffadc930000 - 0x00007ffadc95b000 	C:\WINDOWS\SYSTEM32\WINMMBASE.dll
0x00007ffadf590000 - 0x00007ffadf5d2000 	C:\WINDOWS\System32\cfgmgr32.dll
0x0000000073a20000 - 0x0000000073a2f000 	C:\Program Files\Java\jdk1.8.0_60\jre\bin\verify.dll
0x00000000739f0000 - 0x0000000073a19000 	C:\Program Files\Java\jdk1.8.0_60\jre\bin\java.dll
0x00000000739b0000 - 0x00000000739e5000 	C:\Program Files\Java\jdk1.8.0_60\jre\bin\jdwp.dll
0x00000000739a0000 - 0x00000000739a8000 	C:\Program Files\Java\jdk1.8.0_60\jre\bin\npt.dll
0x0000000073980000 - 0x0000000073996000 	C:\Program Files\Java\jdk1.8.0_60\jre\bin\zip.dll
0x00007ffae0520000 - 0x00007ffae1a29000 	C:\WINDOWS\System32\SHELL32.dll
0x00007ffadf5e0000 - 0x00007ffadfcba000 	C:\WINDOWS\System32\windows.storage.dll
0x00007ffadebe0000 - 0x00007ffadec2c000 	C:\WINDOWS\System32\powrprof.dll
0x00007ffae04c0000 - 0x00007ffae0512000 	C:\WINDOWS\System32\shlwapi.dll
0x00007ffadec30000 - 0x00007ffadec3f000 	C:\WINDOWS\System32\kernel.appcore.dll
0x00007ffaded60000 - 0x00007ffadee09000 	C:\WINDOWS\System32\shcore.dll
0x00007ffadebb0000 - 0x00007ffadebc4000 	C:\WINDOWS\System32\profapi.dll
0x0000000073970000 - 0x0000000073979000 	C:\Program Files\Java\jdk1.8.0_60\jre\bin\dt_socket.dll
0x00007ffad08a0000 - 0x00007ffad08b6000 	C:\WINDOWS\system32\napinsp.dll
0x00007ffad07c0000 - 0x00007ffad07da000 	C:\WINDOWS\system32\pnrpnsp.dll
0x00007ffada160000 - 0x00007ffada178000 	C:\WINDOWS\system32\NLAapi.dll
0x00007ffade000000 - 0x00007ffade05c000 	C:\WINDOWS\System32\mswsock.dll
0x00007ffadddd0000 - 0x00007ffadde70000 	C:\WINDOWS\SYSTEM32\DNSAPI.dll
0x00007ffadfe50000 - 0x00007ffadfe58000 	C:\WINDOWS\System32\NSI.dll
0x00007ffaddd90000 - 0x00007ffadddc8000 	C:\WINDOWS\SYSTEM32\IPHLPAPI.DLL
0x00007ffad07b0000 - 0x00007ffad07be000 	C:\WINDOWS\System32\winrnr.dll
0x0000000074fb0000 - 0x0000000074fd6000 	C:\Program Files\Bonjour\mdnsNSP.dll
0x00007fface920000 - 0x00007fface935000 	C:\WINDOWS\System32\wshbth.dll
0x00007ffad6ac0000 - 0x00007ffad6b2a000 	C:\WINDOWS\System32\fwpuclnt.dll
0x00007ffadeaf0000 - 0x00007ffadeb1b000 	C:\WINDOWS\SYSTEM32\bcrypt.dll
0x00007ffad3f10000 - 0x00007ffad3f1a000 	C:\Windows\System32\rasadhlp.dll
0x00007ffac6910000 - 0x00007ffac69ff000 	C:\Program Files\Java\jdk1.8.0_60\jre\bin\msvcr120.dll
0x00007ffac5200000 - 0x00007ffac52a6000 	C:\Program Files\Java\jdk1.8.0_60\jre\bin\msvcp120.dll
0x0000000073940000 - 0x0000000073963000 	C:\Program Files\Java\jdk1.8.0_60\jre\bin\prism_d3d.dll
0x00007ffaba9d0000 - 0x00007ffabab5d000 	C:\WINDOWS\system32\d3d9.dll
0x00007ffadb4e0000 - 0x00007ffadb506000 	C:\WINDOWS\SYSTEM32\dwmapi.dll
0x00007ffadcf60000 - 0x00007ffadcff5000 	C:\WINDOWS\system32\uxtheme.dll
0x00007ffaa27f0000 - 0x00007ffaa38a8000 	C:\WINDOWS\System32\DriverStore\FileRepository\nv_dispi.inf_amd64_49b226e6441043f1\nvd3dumx.dll
0x00007ffaca9e0000 - 0x00007ffacabab000 	C:\WINDOWS\system32\nvspcap64.dll
0x00007ffae2200000 - 0x00007ffae2337000 	C:\WINDOWS\System32\ole32.dll
0x00007ffadfea0000 - 0x00007ffadff5f000 	C:\WINDOWS\System32\OLEAUT32.dll
0x00007ffadee10000 - 0x00007ffadeeac000 	C:\WINDOWS\System32\msvcp_win.dll
0x00007ffadff60000 - 0x00007ffae0389000 	C:\WINDOWS\System32\SETUPAPI.dll
0x00007ffadbc50000 - 0x00007ffadbd1d000 	C:\WINDOWS\SYSTEM32\WINHTTP.dll
0x00007ffadb160000 - 0x00007ffadb173000 	C:\WINDOWS\SYSTEM32\WTSAPI32.dll
0x00007ffad4ec0000 - 0x00007ffad52b7000 	C:\WINDOWS\system32\nvapi64.dll
0x00007ffadd810000 - 0x00007ffadd8af000 	C:\WINDOWS\SYSTEM32\dxgi.dll
0x00000000738f0000 - 0x0000000073933000 	C:\Program Files\Java\jdk1.8.0_60\jre\bin\glass.dll
0x00007ffae1da0000 - 0x00007ffae1e9a000 	C:\WINDOWS\System32\COMDLG32.dll
0x00007ffae1f70000 - 0x00007ffae20cb000 	C:\WINDOWS\System32\MSCTF.dll
0x00007ffad57f0000 - 0x00007ffad58d6000 	C:\Program Files (x86)\NVIDIA Corporation\3D Vision\nvSCPAPI64.dll
0x00007ffade5e0000 - 0x00007ffade5f7000 	C:\WINDOWS\SYSTEM32\CRYPTSP.dll
0x00007ffade200000 - 0x00007ffade233000 	C:\WINDOWS\system32\rsaenh.dll
0x00007ffadde90000 - 0x00007ffaddeaf000 	C:\WINDOWS\SYSTEM32\USERENV.dll
0x00007ffade320000 - 0x00007ffade32b000 	C:\WINDOWS\SYSTEM32\CRYPTBASE.dll
0x00000000738d0000 - 0x00000000738ea000 	C:\Program Files\Java\jdk1.8.0_60\jre\bin\net.dll
0x00007ffada140000 - 0x00007ffada156000 	C:\WINDOWS\SYSTEM32\dhcpcsvc6.DLL
0x00007ffada0c0000 - 0x00007ffada0da000 	C:\WINDOWS\SYSTEM32\dhcpcsvc.DLL
0x00000000738b0000 - 0x00000000738c1000 	C:\Program Files\Java\jdk1.8.0_60\jre\bin\nio.dll
0x000000006d580000 - 0x000000006d63d000 	C:\Users\James\AppData\Local\Temp\sqlite-3.8.11.2-c2783c50-d9fc-41c3-8974-219228c75932-sqlitejdbc.dll
0x0000000073890000 - 0x00000000738a4000 	C:\Program Files\Java\jdk1.8.0_60\jre\bin\javafx_font.dll
0x00007ffac8390000 - 0x00007ffac85f9000 	C:\WINDOWS\SYSTEM32\dwrite.dll
0x00007ffae1a30000 - 0x00007ffae1acf000 	C:\WINDOWS\System32\clbcatq.dll
0x00007ffadae70000 - 0x00007ffadb018000 	C:\WINDOWS\SYSTEM32\WindowsCodecs.dll
0x00007ffac4270000 - 0x00007ffac42b9000 	C:\WINDOWS\system32\dataexchange.dll
0x00007ffadb650000 - 0x00007ffadb906000 	C:\WINDOWS\system32\d3d11.dll
0x00007ffadc560000 - 0x00007ffadc6b1000 	C:\WINDOWS\system32\dcomp.dll
0x00007ffadd2e0000 - 0x00007ffadd3fc000 	C:\WINDOWS\system32\twinapi.appcore.dll
0x00007ffac6fe0000 - 0x00007ffac7012000 	C:\Program Files\Common Files\Microsoft Shared\Ink\rtscom.dll
0x0000000073870000 - 0x0000000073881000 	C:\Program Files\Java\jdk1.8.0_60\jre\bin\prism_common.dll
0x00000000736d0000 - 0x0000000073868000 	C:\Program Files\Java\jdk1.8.0_60\jre\bin\awt.dll
0x00007ffadcc50000 - 0x00007ffadccca000 	C:\WINDOWS\SYSTEM32\apphelp.dll
0x0000000073690000 - 0x00000000736c1000 	C:\Program Files\Java\jdk1.8.0_60\jre\bin\jpeg.dll
0x00007ffade600000 - 0x00007ffade792000 	C:\WINDOWS\SYSTEM32\dbghelp.dll

VM Arguments:
jvm_args: -agentlib:jdwp=transport=dt_socket,suspend=y,address=localhost:4486 -Dfile.encoding=Cp1252 
java_command: application.Main
java_class_path (initial): D:\Dropbox\School Stuff\Fall 2016\CECS 445\HTTPtest\target\classes;C:\Users\James\.m2\repository\commons-lang\commons-lang\2.6\commons-lang-2.6.jar;C:\Users\James\.m2\repository\org\xerial\sqlite-jdbc\3.8.11.2\sqlite-jdbc-3.8.11.2.jar;C:\Users\James\.m2\repository\org\jsoup\jsoup\1.9.2\jsoup-1.9.2.jar;C:\Users\James\.m2\repository\com\mashape\unirest\unirest-java\1.4.9\unirest-java-1.4.9.jar;C:\Users\James\.m2\repository\org\apache\httpcomponents\httpclient\4.3.6\httpclient-4.3.6.jar;C:\Users\James\.m2\repository\org\apache\httpcomponents\httpcore\4.3.3\httpcore-4.3.3.jar;C:\Users\James\.m2\repository\commons-logging\commons-logging\1.1.3\commons-logging-1.1.3.jar;C:\Users\James\.m2\repository\commons-codec\commons-codec\1.6\commons-codec-1.6.jar;C:\Users\James\.m2\repository\com\googlecode\json-simple\json-simple\1.1\json-simple-1.1.jar;C:\Users\James\.m2\repository\org\apache\httpcomponents\httpasyncclient\4.0.2\httpasyncclient-4.0.2.jar;C:\Users\James\.m2\repository\org\apache\httpcomponents\httpcore-nio\4.3.2\httpcore-nio-4.3.2.jar;C:\Users\James\.m2\repository\org\apache\httpcomponents\httpmime\4.3.6\httpmime-4.3.6.jar;C:\Users\James\.m2\repository\org\json\json\20140107\json-20140107.jar;C:\Users\James\.m2\repository\mysql\mysql-connector-java\6.0.4\mysql-connector-java-6.0.4.jar;C:\Users\James\.m2\repository\org\codehaus\jackson\jackson-core-lgpl\1.9.13\jackson-core-lgpl-1.9.13.jar;C:\Users\James\.m2\repository\org\codehaus\jackson\jackson-mapper-asl\1.7.7\jackson-mapper-asl-1.7.7.jar;C:\Users\James\.m2\repository\org\codehaus\jackson\jackson-core-asl\1.7.7\jackson-core-asl-1.7.7.jar;C:\Users\James\.m2\repository\com\google\code\gson\gson\2.7\gson-2.7.jar
Launcher Type: SUN_STANDARD

Environment Variables:
JAVA_HOME=C:\Program Files\Java\jdk1.8.0_60
PATH=C:\Program Files\Java\jdk1.8.0_60\jre\bin;C:/Program Files/Java/jre1.8.0_111/bin/server;C:/Program Files/Java/jre1.8.0_111/bin;C:/Program Files/Java/jre1.8.0_111/lib/amd64;C:\ProgramData\Oracle\Java\javapath;C:\cygwin64\bin;C:\Program Files\Java\jdk1.8.0_60\bin;C:\Program Files (x86)\Intel\iCLS Client\;C:\Program Files\Intel\iCLS Client\;C:\WINDOWS\system32;C:\WINDOWS;C:\WINDOWS\System32\Wbem;C:\WINDOWS\System32\WindowsPowerShell\v1.0\;C:\Program Files\Intel\Intel(R) Management Engine Components\DAL;C:\Program Files (x86)\Intel\Intel(R) Management Engine Components\DAL;C:\Program Files\Intel\Intel(R) Management Engine Components\IPT;C:\Program Files (x86)\Intel\Intel(R) Management Engine Components\IPT;C:\Program Files (x86)\Windows Live\Shared;C:\Program Files\Microsoft SQL Server\110\Tools\Binn\;C:\Program Files (x86)\NVIDIA Corporation\PhysX\Common;C:\Program Files (x86)\Skype\Phone\;C:\WINDOWS\system32;C:\WINDOWS;C:\WINDOWS\System32\Wbem;C:\WINDOWS\System32\WindowsPowerShell\v1.0\;C:\Android;C:\Windows\System32;C:\Program Files\Microsoft SQL Server\130\Tools\Binn\;C:\Program Files (x86)\Windows Kits\8.1\Windows Performance Toolkit\;C:\WINDOWS\system32\config\systemprofile\.dnx\bin;C:\Program Files\Microsoft DNX\Dnvm\;C:\Program Files\Git\cmd;C:\Users\James\AppData\Local\Programs\Python\Python35-32;C:\Program Files\MySQL\MySQL Utilities 1.6\;C:\Users\James\Documents\apache-maven-3.3.9\apache-maven\src\bin;C:\Users\James\AppData\Local\Microsoft\WindowsApps;C:\WINDOWS\system32;
USERNAME=James
OS=Windows_NT
PROCESSOR_IDENTIFIER=Intel64 Family 6 Model 60 Stepping 3, GenuineIntel



---------------  S Y S T E M  ---------------

OS: Windows 10.0 , 64 bit Build 14393 (10.0.14393.0)

CPU:total 8 (4 cores per cpu, 2 threads per core) family 6 model 60 stepping 3, cmov, cx8, fxsr, mmx, sse, sse2, sse3, ssse3, sse4.1, sse4.2, popcnt, avx, avx2, aes, clmul, erms, lzcnt, ht, tsc, tscinvbit, bmi1, bmi2

Memory: 4k page, physical 16726496k(11208104k free), swap 19216864k(12277132k free)

vm_info: Java HotSpot(TM) 64-Bit Server VM (25.60-b23) for windows-amd64 JRE (1.8.0_60-b27), built on Aug  4 2015 11:06:27 by "java_re" with MS VC++ 10.0 (VS2010)

time: Sat Oct 29 23:22:18 2016
elapsed time: 25 seconds (0d 0h 0m 25s)

